Fri, 06 Sep 2019 16:15:04 +0000 r3
Fri, 06 Sep 2019 16:15:08 +0000 r3
Fri, 06 Sep 2019 16:15:53 +0000 r3
Fri, 06 Sep 2019 16:15:56 +0000 r3
Fri, 06 Sep 2019 16:16:03 +0000 r3
Fri, 06 Sep 2019 16:16:05 +0000 r3
Fri, 06 Sep 2019 17:24:24 +0000 r3
Sun, 08 Sep 2019 07:33:14 +0000 r3
Sun, 08 Sep 2019 07:33:14 +0000 r3
Mon, 09 Sep 2019 06:56:31 +0000 r3
Thu, 12 Sep 2019 07:35:09 +0000 r3
Thu, 12 Sep 2019 07:35:09 +0000 r3
Mon, 16 Sep 2019 13:33:38 +0000 r3
Wed, 18 Sep 2019 00:51:03 +0000 r3
Fri, 20 Sep 2019 01:16:30 +0000 r3
Sun, 22 Sep 2019 01:55:00 +0000 r3
Sun, 22 Sep 2019 16:28:04 +0000 r3
Sun, 22 Sep 2019 16:30:40 +0000 r3
Mon, 23 Sep 2019 16:32:31 +0000 r3
Mon, 23 Sep 2019 17:42:53 +0000 r3
Mon, 23 Sep 2019 23:08:32 +0000 r3
Tue, 24 Sep 2019 01:45:26 +0000 r3
Tue, 24 Sep 2019 02:52:58 +0000 r3
Tue, 24 Sep 2019 02:53:03 +0000 r3
Tue, 24 Sep 2019 02:53:35 +0000 r3
Tue, 24 Sep 2019 02:53:41 +0000 r3
Tue, 24 Sep 2019 02:53:46 +0000 r3
Tue, 24 Sep 2019 02:53:47 +0000 r3
Tue, 24 Sep 2019 02:53:48 +0000 r3
Tue, 24 Sep 2019 02:53:49 +0000 r3
Tue, 24 Sep 2019 02:55:20 +0000 r3
Tue, 24 Sep 2019 02:55:37 +0000 r3
Tue, 24 Sep 2019 02:55:39 +0000 r3
Tue, 24 Sep 2019 02:55:40 +0000 r3
Tue, 24 Sep 2019 02:59:46 +0000 r3
Tue, 24 Sep 2019 03:37:51 +0000 r3
Tue, 24 Sep 2019 03:56:02 +0000 r3
Tue, 24 Sep 2019 04:52:51 +0000 r3
Tue, 24 Sep 2019 05:12:15 +0000 r3
Tue, 24 Sep 2019 05:30:40 +0000 r3
Tue, 24 Sep 2019 06:08:43 +0000 r3
Tue, 24 Sep 2019 06:26:52 +0000 r3
Tue, 24 Sep 2019 10:32:52 +0000 r3
Tue, 24 Sep 2019 10:54:10 +0000 r3
Tue, 24 Sep 2019 11:17:54 +0000 r3
Tue, 24 Sep 2019 11:58:44 +0000 r3
Tue, 24 Sep 2019 13:25:23 +0000 r3
Wed, 25 Sep 2019 03:36:03 +0000 r3
Wed, 25 Sep 2019 05:10:19 +0000 r3
Wed, 25 Sep 2019 05:32:35 +0000 r3
Wed, 25 Sep 2019 07:27:20 +0000 r3
Wed, 25 Sep 2019 07:45:55 +0000 r3
Wed, 25 Sep 2019 08:08:49 +0000 r3
Wed, 25 Sep 2019 08:53:20 +0000 r3
Wed, 25 Sep 2019 09:15:26 +0000 r3
Wed, 25 Sep 2019 10:22:15 +0000 r3
Wed, 25 Sep 2019 11:06:33 +0000 r3
Wed, 25 Sep 2019 17:11:31 +0000 r3
Wed, 25 Sep 2019 23:05:41 +0000 r3
Thu, 26 Sep 2019 03:30:28 +0000 r3
Thu, 26 Sep 2019 04:15:11 +0000 r3
Thu, 26 Sep 2019 04:37:22 +0000 r3
Thu, 26 Sep 2019 07:46:23 +0000 r3
Thu, 26 Sep 2019 16:21:13 +0000 r3
Fri, 27 Sep 2019 00:58:18 +0000 r3
Fri, 27 Sep 2019 04:03:38 +0000 r3
Fri, 27 Sep 2019 04:50:16 +0000 r3
Fri, 27 Sep 2019 05:37:30 +0000 r3
Fri, 27 Sep 2019 09:31:20 +0000 r3
Fri, 27 Sep 2019 09:54:51 +0000 r3
Fri, 27 Sep 2019 10:41:18 +0000 r3
Fri, 27 Sep 2019 11:04:51 +0000 r3
Fri, 27 Sep 2019 12:14:56 +0000 r3
Fri, 27 Sep 2019 13:28:12 +0000 r3
Fri, 27 Sep 2019 14:12:48 +0000 r3
Fri, 27 Sep 2019 15:00:53 +0000 r3
Fri, 27 Sep 2019 15:26:36 +0000 r3
Fri, 27 Sep 2019 15:51:27 +0000 r3
Fri, 27 Sep 2019 16:16:53 +0000 r3
Fri, 27 Sep 2019 16:41:06 +0000 r3
Fri, 27 Sep 2019 17:05:46 +0000 r3
Fri, 27 Sep 2019 17:33:57 +0000 r3
Fri, 27 Sep 2019 17:57:20 +0000 r3
Fri, 27 Sep 2019 19:37:13 +0000 r3
Fri, 27 Sep 2019 20:29:23 +0000 r3
Fri, 27 Sep 2019 20:51:46 +0000 r3
Fri, 27 Sep 2019 21:16:45 +0000 r3
Fri, 27 Sep 2019 22:33:18 +0000 r3
Sat, 28 Sep 2019 01:13:51 +0000 r3
Sat, 28 Sep 2019 02:29:28 +0000 r3
Sat, 28 Sep 2019 02:29:36 +0000 r3
Sat, 28 Sep 2019 02:32:33 +0000 r3
Sat, 28 Sep 2019 02:32:42 +0000 r3
Sat, 28 Sep 2019 17:49:42 +0000 r3
Sat, 28 Sep 2019 20:47:37 +0000 r3
Sat, 28 Sep 2019 21:10:04 +0000 r3
Sun, 29 Sep 2019 01:31:11 +0000 r3
Sun, 29 Sep 2019 06:14:18 +0000 r3
Sun, 29 Sep 2019 06:36:07 +0000 r3
Sun, 29 Sep 2019 06:58:58 +0000 r3
Sun, 29 Sep 2019 08:05:14 +0000 r3
Sun, 29 Sep 2019 08:25:51 +0000 r3
Sun, 29 Sep 2019 08:47:13 +0000 r3
Sun, 29 Sep 2019 09:10:14 +0000 r3
Sun, 29 Sep 2019 09:30:44 +0000 r3
Sun, 29 Sep 2019 09:52:37 +0000 r3
Sun, 29 Sep 2019 10:14:59 +0000 r3
Sun, 29 Sep 2019 10:37:23 +0000 r3
Sun, 29 Sep 2019 11:00:26 +0000 r3
Sun, 29 Sep 2019 11:44:53 +0000 r3
Sun, 29 Sep 2019 12:06:06 +0000 r3
Mon, 30 Sep 2019 04:31:40 +0000 r3
Thu, 03 Oct 2019 08:09:03 +0000 r3
Thu, 03 Oct 2019 12:48:38 +0000 r3
Thu, 03 Oct 2019 13:01:38 +0000 r3
Thu, 03 Oct 2019 13:46:52 +0000 r3
Thu, 03 Oct 2019 14:16:22 +0000 r3
Thu, 03 Oct 2019 15:45:48 +0000 r3
Thu, 03 Oct 2019 17:44:01 +0000 r3
Thu, 03 Oct 2019 21:16:31 +0000 r3
Thu, 03 Oct 2019 21:47:35 +0000 r3
Thu, 03 Oct 2019 22:50:02 +0000 r3
Thu, 03 Oct 2019 23:19:54 +0000 r3
Thu, 03 Oct 2019 23:52:33 +0000 r3
Fri, 04 Oct 2019 00:22:05 +0000 r3
Fri, 04 Oct 2019 00:53:37 +0000 r3
Fri, 04 Oct 2019 01:55:52 +0000 r3
Fri, 04 Oct 2019 02:26:51 +0000 r3
Fri, 04 Oct 2019 05:01:12 +0000 r3
Fri, 04 Oct 2019 05:33:26 +0000 r3
Fri, 04 Oct 2019 07:10:14 +0000 r3
Fri, 04 Oct 2019 08:43:26 +0000 r3
Fri, 04 Oct 2019 09:14:36 +0000 r3
Fri, 04 Oct 2019 11:22:22 +0000 r3
Fri, 04 Oct 2019 11:52:37 +0000 r3
Fri, 04 Oct 2019 12:56:03 +0000 r3
Fri, 04 Oct 2019 16:13:24 +0000 r3
Fri, 04 Oct 2019 17:16:58 +0000 r3
Fri, 04 Oct 2019 17:49:53 +0000 r3
Fri, 04 Oct 2019 18:23:57 +0000 r3
Fri, 04 Oct 2019 20:03:22 +0000 r3
Fri, 04 Oct 2019 20:35:59 +0000 r3
Fri, 04 Oct 2019 21:08:20 +0000 r3
Fri, 04 Oct 2019 21:41:37 +0000 r3
Fri, 04 Oct 2019 22:11:41 +0000 r3
Fri, 04 Oct 2019 22:12:03 +0000 r3
Fri, 04 Oct 2019 22:12:46 +0000 r3
Fri, 04 Oct 2019 22:12:48 +0000 r3
Fri, 04 Oct 2019 22:12:56 +0000 r3
Fri, 04 Oct 2019 22:14:10 +0000 r3
Fri, 04 Oct 2019 23:21:36 +0000 r3
Fri, 04 Oct 2019 23:54:32 +0000 r3
Sat, 05 Oct 2019 00:59:34 +0000 r3
Sat, 05 Oct 2019 02:04:36 +0000 r3
Sat, 05 Oct 2019 02:05:48 +0000 r3
Sat, 05 Oct 2019 03:42:42 +0000 r3
Sat, 05 Oct 2019 04:48:11 +0000 r3
Sat, 05 Oct 2019 05:21:15 +0000 r3
Sat, 05 Oct 2019 07:43:22 +0000 r3
Sun, 06 Oct 2019 07:01:28 +0000 r3
Sun, 06 Oct 2019 08:07:08 +0000 r3
Sun, 06 Oct 2019 09:14:43 +0000 r3
Sun, 06 Oct 2019 09:47:35 +0000 r3
Sun, 06 Oct 2019 11:29:15 +0000 r3
Sun, 06 Oct 2019 12:36:36 +0000 r3
Sun, 06 Oct 2019 13:06:35 +0000 r3
Sun, 06 Oct 2019 16:34:40 +0000 r3
Sun, 06 Oct 2019 17:09:21 +0000 r3
Sun, 06 Oct 2019 17:41:45 +0000 r3
Sun, 06 Oct 2019 18:13:54 +0000 r3
Sun, 06 Oct 2019 19:20:01 +0000 r3
Sun, 06 Oct 2019 20:26:47 +0000 r3
Sun, 06 Oct 2019 20:59:16 +0000 r3
Sun, 06 Oct 2019 22:38:07 +0000 r3
Sun, 06 Oct 2019 23:11:19 +0000 r3
Sun, 06 Oct 2019 23:44:56 +0000 r3
Mon, 07 Oct 2019 00:17:38 +0000 r3
Mon, 07 Oct 2019 01:57:15 +0000 r3
Mon, 07 Oct 2019 02:30:45 +0000 r3
Mon, 07 Oct 2019 05:50:29 +0000 r3
Mon, 07 Oct 2019 06:23:23 +0000 r3
Mon, 07 Oct 2019 06:57:25 +0000 r3
Mon, 07 Oct 2019 07:56:21 +0000 r3
Mon, 07 Oct 2019 08:55:25 +0000 r3
Mon, 07 Oct 2019 09:24:16 +0000 r3
Mon, 07 Oct 2019 09:53:51 +0000 r3
Mon, 07 Oct 2019 10:24:33 +0000 r3
Mon, 07 Oct 2019 10:53:01 +0000 r3
Mon, 07 Oct 2019 11:53:48 +0000 r3
Mon, 07 Oct 2019 13:01:47 +0000 r3
Mon, 07 Oct 2019 13:36:31 +0000 r3
Mon, 07 Oct 2019 14:45:33 +0000 r3
Mon, 07 Oct 2019 15:20:24 +0000 r3
Mon, 07 Oct 2019 15:53:52 +0000 r3
Mon, 07 Oct 2019 17:03:48 +0000 r3
Mon, 07 Oct 2019 17:37:43 +0000 r3
Mon, 07 Oct 2019 18:44:52 +0000 r3
Mon, 07 Oct 2019 20:24:50 +0000 r3
Mon, 07 Oct 2019 20:59:21 +0000 r3
Mon, 07 Oct 2019 21:32:07 +0000 r3
Mon, 07 Oct 2019 22:05:20 +0000 r3
Tue, 08 Oct 2019 19:54:13 +0000 r3
Thu, 10 Oct 2019 03:41:31 +0000 r3
Thu, 10 Oct 2019 03:41:35 +0000 r3
Thu, 10 Oct 2019 03:41:40 +0000 r3
Thu, 10 Oct 2019 09:05:31 +0000 r3
Thu, 10 Oct 2019 09:05:31 +0000 r3
Sat, 19 Oct 2019 17:36:53 +0000 r3
Mon, 21 Oct 2019 05:34:50 +0000 r3
Tue, 22 Oct 2019 15:03:25 +0000 r3
Thu, 24 Oct 2019 02:26:53 +0000 r3
Fri, 25 Oct 2019 14:42:37 +0000 r3
Tue, 29 Oct 2019 22:06:39 +0000 r3
Wed, 30 Oct 2019 05:39:53 +0000 r3
Wed, 30 Oct 2019 05:39:57 +0000 r3
Wed, 30 Oct 2019 05:40:25 +0000 r3
Wed, 30 Oct 2019 05:40:27 +0000 r3
Wed, 30 Oct 2019 05:41:40 +0000 r3
Thu, 31 Oct 2019 04:59:31 +0000 r3
Fri, 01 Nov 2019 00:34:35 +0000 r3
Fri, 01 Nov 2019 01:14:15 +0000 r3
Fri, 01 Nov 2019 01:54:05 +0000 r3
